{"/Users/mantej.singh/Desktop/namaste-react/chapter-4/Components/Cart.jsx": {"path":"/Users/mantej.singh/Desktop/namaste-react/chapter-4/Components/Cart.jsx","statementMap":{"0":{"start":{"line":7,"column":13},"end":{"line":28,"column":1}},"1":{"start":{"line":11,"column":2},"end":{"line":27,"column":4}}},"fnMap":{"0":{"name":"(anonymous_0)","decl":{"start":{"line":7,"column":13},"end":{"line":7,"column":14}},"loc":{"start":{"line":7,"column":19},"end":{"line":28,"column":1}},"line":7}},"branchMap":{},"s":{"0":1,"1":3},"f":{"0":3},"b":{},"_coverageSchema":"1a1c01bbd47fc00a2c39e90264f33305004495a9","hash":"38b0f8b400bb7b786c13700dd2a9bc04b144cb60"}
,"/Users/mantej.singh/Desktop/namaste-react/chapter-4/Components/CartItems.jsx": {"path":"/Users/mantej.singh/Desktop/namaste-react/chapter-4/Components/CartItems.jsx","statementMap":{"0":{"start":{"line":6,"column":20},"end":{"line":6,"column":25}},"1":{"start":{"line":7,"column":2},"end":{"line":7,"column":21}},"2":{"start":{"line":8,"column":19},"end":{"line":8,"column":32}},"3":{"start":{"line":9,"column":2},"end":{"line":21,"column":4}},"4":{"start":{"line":12,"column":8},"end":{"line":18,"column":14}},"5":{"start":{"line":17,"column":32},"end":{"line":17,"column":57}}},"fnMap":{"0":{"name":"CartItems","decl":{"start":{"line":5,"column":9},"end":{"line":5,"column":18}},"loc":{"start":{"line":5,"column":26},"end":{"line":22,"column":1}},"line":5},"1":{"name":"(anonymous_1)","decl":{"start":{"line":11,"column":17},"end":{"line":11,"column":18}},"loc":{"start":{"line":12,"column":8},"end":{"line":18,"column":14}},"line":12},"2":{"name":"(anonymous_2)","decl":{"start":{"line":17,"column":27},"end":{"line":17,"column":28}},"loc":{"start":{"line":17,"column":31},"end":{"line":17,"column":58}},"line":17}},"branchMap":{},"s":{"0":0,"1":0,"2":0,"3":0,"4":0,"5":0},"f":{"0":0,"1":0,"2":0},"b":{},"_coverageSchema":"1a1c01bbd47fc00a2c39e90264f33305004495a9","hash":"474660274e68b0450502b7ebfe3b67ac19a486ea"}
,"/Users/mantej.singh/Desktop/namaste-react/chapter-4/Components/Container.jsx": {"path":"/Users/mantej.singh/Desktop/namaste-react/chapter-4/Components/Container.jsx","statementMap":{"0":{"start":{"line":15,"column":18},"end":{"line":93,"column":1}},"1":{"start":{"line":18,"column":34},"end":{"line":18,"column":48}},"2":{"start":{"line":20,"column":16},"end":{"line":20,"column":54}},"3":{"start":{"line":20,"column":38},"end":{"line":20,"column":53}},"4":{"start":{"line":27,"column":41},"end":{"line":27,"column":64}},"5":{"start":{"line":30,"column":32},"end":{"line":30,"column":62}},"6":{"start":{"line":32,"column":22},"end":{"line":40,"column":3}},"7":{"start":{"line":33,"column":4},"end":{"line":33,"column":27}},"8":{"start":{"line":33,"column":20},"end":{"line":33,"column":27}},"9":{"start":{"line":35,"column":14},"end":{"line":37,"column":6}},"10":{"start":{"line":36,"column":6},"end":{"line":36,"column":73}},"11":{"start":{"line":38,"column":4},"end":{"line":38,"column":37}},"12":{"start":{"line":38,"column":20},"end":{"line":38,"column":37}},"13":{"start":{"line":42,"column":19},"end":{"line":47,"column":3}},"14":{"start":{"line":43,"column":26},"end":{"line":45,"column":5}},"15":{"start":{"line":44,"column":15},"end":{"line":44,"column":66}},"16":{"start":{"line":46,"column":4},"end":{"line":46,"column":33}},"17":{"start":{"line":49,"column":2},"end":{"line":51,"column":3}},"18":{"start":{"line":50,"column":4},"end":{"line":50,"column":23}},"19":{"start":{"line":53,"column":2},"end":{"line":92,"column":4}},"20":{"start":{"line":57,"column":57},"end":{"line":57,"column":67}},"21":{"start":{"line":65,"column":10},"end":{"line":88,"column":17}}},"fnMap":{"0":{"name":"(anonymous_0)","decl":{"start":{"line":15,"column":18},"end":{"line":15,"column":19}},"loc":{"start":{"line":15,"column":24},"end":{"line":93,"column":1}},"line":15},"1":{"name":"(anonymous_1)","decl":{"start":{"line":20,"column":28},"end":{"line":20,"column":29}},"loc":{"start":{"line":20,"column":38},"end":{"line":20,"column":53}},"line":20},"2":{"name":"(anonymous_2)","decl":{"start":{"line":32,"column":22},"end":{"line":32,"column":23}},"loc":{"start":{"line":32,"column":32},"end":{"line":40,"column":3}},"line":32},"3":{"name":"(anonymous_3)","decl":{"start":{"line":35,"column":30},"end":{"line":35,"column":31}},"loc":{"start":{"line":35,"column":47},"end":{"line":37,"column":5}},"line":35},"4":{"name":"(anonymous_4)","decl":{"start":{"line":42,"column":19},"end":{"line":42,"column":20}},"loc":{"start":{"line":42,"column":25},"end":{"line":47,"column":3}},"line":42},"5":{"name":"(anonymous_5)","decl":{"start":{"line":44,"column":6},"end":{"line":44,"column":7}},"loc":{"start":{"line":44,"column":15},"end":{"line":44,"column":66}},"line":44},"6":{"name":"(anonymous_6)","decl":{"start":{"line":57,"column":51},"end":{"line":57,"column":52}},"loc":{"start":{"line":57,"column":57},"end":{"line":57,"column":67}},"line":57},"7":{"name":"(anonymous_7)","decl":{"start":{"line":64,"column":22},"end":{"line":64,"column":23}},"loc":{"start":{"line":65,"column":10},"end":{"line":88,"column":17}},"line":65}},"branchMap":{"0":{"loc":{"start":{"line":33,"column":4},"end":{"line":33,"column":27}},"type":"if","locations":[{"start":{"line":33,"column":4},"end":{"line":33,"column":27}},{"start":{},"end":{}}],"line":33},"1":{"loc":{"start":{"line":38,"column":4},"end":{"line":38,"column":37}},"type":"if","locations":[{"start":{"line":38,"column":4},"end":{"line":38,"column":37}},{"start":{},"end":{}}],"line":38},"2":{"loc":{"start":{"line":49,"column":2},"end":{"line":51,"column":3}},"type":"if","locations":[{"start":{"line":49,"column":2},"end":{"line":51,"column":3}},{"start":{},"end":{}}],"line":49},"3":{"loc":{"start":{"line":70,"column":13},"end":{"line":87,"column":13}},"type":"cond-expr","locations":[{"start":{"line":71,"column":14},"end":{"line":77,"column":16}},{"start":{"line":79,"column":14},"end":{"line":86,"column":16}}],"line":70}},"s":{"0":1,"1":2,"2":2,"3":3,"4":2,"5":2,"6":2,"7":0,"8":0,"9":0,"10":0,"11":0,"12":0,"13":2,"14":0,"15":0,"16":0,"17":2,"18":1,"19":1,"20":0,"21":12},"f":{"0":2,"1":3,"2":0,"3":0,"4":0,"5":0,"6":0,"7":12},"b":{"0":[0,0],"1":[0,0],"2":[1,1],"3":[3,9]},"_coverageSchema":"1a1c01bbd47fc00a2c39e90264f33305004495a9","hash":"d98131cc72633794f250128074d4a8d3b5f77aa8"}
,"/Users/mantej.singh/Desktop/namaste-react/chapter-4/Components/Header.jsx": {"path":"/Users/mantej.singh/Desktop/namaste-react/chapter-4/Components/Header.jsx","statementMap":{"0":{"start":{"line":7,"column":15},"end":{"line":54,"column":1}},"1":{"start":{"line":8,"column":38},"end":{"line":8,"column":53}},"2":{"start":{"line":10,"column":41},"end":{"line":10,"column":64}},"3":{"start":{"line":11,"column":15},"end":{"line":11,"column":52}},"4":{"start":{"line":11,"column":35},"end":{"line":11,"column":51}},"5":{"start":{"line":15,"column":2},"end":{"line":53,"column":4}},"6":{"start":{"line":40,"column":14},"end":{"line":40,"column":45}},"7":{"start":{"line":40,"column":38},"end":{"line":40,"column":43}}},"fnMap":{"0":{"name":"(anonymous_0)","decl":{"start":{"line":7,"column":15},"end":{"line":7,"column":16}},"loc":{"start":{"line":7,"column":21},"end":{"line":54,"column":1}},"line":7},"1":{"name":"(anonymous_1)","decl":{"start":{"line":11,"column":27},"end":{"line":11,"column":28}},"loc":{"start":{"line":11,"column":35},"end":{"line":11,"column":51}},"line":11},"2":{"name":"(anonymous_2)","decl":{"start":{"line":39,"column":21},"end":{"line":39,"column":22}},"loc":{"start":{"line":39,"column":27},"end":{"line":41,"column":13}},"line":39},"3":{"name":"(anonymous_3)","decl":{"start":{"line":40,"column":28},"end":{"line":40,"column":29}},"loc":{"start":{"line":40,"column":38},"end":{"line":40,"column":43}},"line":40}},"branchMap":{"0":{"loc":{"start":{"line":43,"column":13},"end":{"line":43,"column":53}},"type":"cond-expr","locations":[{"start":{"line":43,"column":26},"end":{"line":43,"column":38}},{"start":{"line":43,"column":41},"end":{"line":43,"column":53}}],"line":43}},"s":{"0":1,"1":2,"2":2,"3":2,"4":3,"5":2,"6":1,"7":1},"f":{"0":2,"1":3,"2":1,"3":1},"b":{"0":[1,1]},"_coverageSchema":"1a1c01bbd47fc00a2c39e90264f33305004495a9","hash":"27200ae6075426451957256663737b7f31400a20"}
,"/Users/mantej.singh/Desktop/namaste-react/chapter-4/Components/RestoCards.jsx": {"path":"/Users/mantej.singh/Desktop/namaste-react/chapter-4/Components/RestoCards.jsx","statementMap":{"0":{"start":{"line":3,"column":20},"end":{"line":16,"column":3}},"1":{"start":{"line":5,"column":35},"end":{"line":5,"column":40}},"2":{"start":{"line":6,"column":16},"end":{"line":6,"column":21}},"3":{"start":{"line":7,"column":4},"end":{"line":15,"column":6}}},"fnMap":{"0":{"name":"(anonymous_0)","decl":{"start":{"line":3,"column":20},"end":{"line":3,"column":21}},"loc":{"start":{"line":3,"column":31},"end":{"line":16,"column":3}},"line":3}},"branchMap":{},"s":{"0":1,"1":12,"2":12,"3":12},"f":{"0":12},"b":{},"_coverageSchema":"1a1c01bbd47fc00a2c39e90264f33305004495a9","hash":"4e54186b43589aea86527ff1c032298ac19f0655"}
,"/Users/mantej.singh/Desktop/namaste-react/chapter-4/Components/RestroItems.jsx": {"path":"/Users/mantej.singh/Desktop/namaste-react/chapter-4/Components/RestroItems.jsx","statementMap":{"0":{"start":{"line":5,"column":20},"end":{"line":32,"column":1}},"1":{"start":{"line":7,"column":2},"end":{"line":7,"column":21}},"2":{"start":{"line":8,"column":18},"end":{"line":8,"column":31}},"3":{"start":{"line":10,"column":2},"end":{"line":31,"column":4}},"4":{"start":{"line":13,"column":8},"end":{"line":28,"column":11}},"5":{"start":{"line":14,"column":10},"end":{"line":27,"column":16}},"6":{"start":{"line":26,"column":34},"end":{"line":26,"column":56}}},"fnMap":{"0":{"name":"(anonymous_0)","decl":{"start":{"line":5,"column":20},"end":{"line":5,"column":21}},"loc":{"start":{"line":5,"column":35},"end":{"line":32,"column":1}},"line":5},"1":{"name":"(anonymous_1)","decl":{"start":{"line":12,"column":17},"end":{"line":12,"column":18}},"loc":{"start":{"line":12,"column":36},"end":{"line":29,"column":7}},"line":12},"2":{"name":"(anonymous_2)","decl":{"start":{"line":13,"column":43},"end":{"line":13,"column":44}},"loc":{"start":{"line":14,"column":10},"end":{"line":27,"column":16}},"line":14},"3":{"name":"(anonymous_3)","decl":{"start":{"line":26,"column":29},"end":{"line":26,"column":30}},"loc":{"start":{"line":26,"column":33},"end":{"line":26,"column":57}},"line":26}},"branchMap":{},"s":{"0":1,"1":0,"2":0,"3":0,"4":0,"5":0,"6":0},"f":{"0":0,"1":0,"2":0,"3":0},"b":{},"_coverageSchema":"1a1c01bbd47fc00a2c39e90264f33305004495a9","hash":"75b2c28cc1b0a0a6dfe6bdd2e5ba72a3a24d7193"}
,"/Users/mantej.singh/Desktop/namaste-react/chapter-4/Components/Search.jsx": {"path":"/Users/mantej.singh/Desktop/namaste-react/chapter-4/Components/Search.jsx","statementMap":{"0":{"start":{"line":5,"column":42},"end":{"line":5,"column":54}},"1":{"start":{"line":6,"column":26},"end":{"line":6,"column":31}},"2":{"start":{"line":7,"column":37},"end":{"line":7,"column":60}},"3":{"start":{"line":9,"column":20},"end":{"line":11,"column":3}},"4":{"start":{"line":10,"column":4},"end":{"line":10,"column":36}},"5":{"start":{"line":13,"column":2},"end":{"line":43,"column":4}},"6":{"start":{"line":22,"column":10},"end":{"line":22,"column":23}},"7":{"start":{"line":31,"column":10},"end":{"line":31,"column":38}},"8":{"start":{"line":37,"column":10},"end":{"line":37,"column":36}}},"fnMap":{"0":{"name":"Search","decl":{"start":{"line":4,"column":9},"end":{"line":4,"column":15}},"loc":{"start":{"line":4,"column":23},"end":{"line":44,"column":1}},"line":4},"1":{"name":"(anonymous_1)","decl":{"start":{"line":9,"column":20},"end":{"line":9,"column":21}},"loc":{"start":{"line":9,"column":27},"end":{"line":11,"column":3}},"line":9},"2":{"name":"(anonymous_2)","decl":{"start":{"line":21,"column":18},"end":{"line":21,"column":19}},"loc":{"start":{"line":21,"column":25},"end":{"line":23,"column":9}},"line":21},"3":{"name":"(anonymous_3)","decl":{"start":{"line":30,"column":18},"end":{"line":30,"column":19}},"loc":{"start":{"line":30,"column":25},"end":{"line":32,"column":9}},"line":30},"4":{"name":"(anonymous_4)","decl":{"start":{"line":36,"column":17},"end":{"line":36,"column":18}},"loc":{"start":{"line":36,"column":23},"end":{"line":38,"column":9}},"line":36}},"branchMap":{},"s":{"0":2,"1":2,"2":2,"3":2,"4":1,"5":2,"6":1,"7":0,"8":0},"f":{"0":2,"1":1,"2":1,"3":0,"4":0},"b":{},"_coverageSchema":"1a1c01bbd47fc00a2c39e90264f33305004495a9","hash":"840235feaae8ba01e27bfefc98e3d9d2dc604cf7"}
,"/Users/mantej.singh/Desktop/namaste-react/chapter-4/Components/Shimmer.jsx": {"path":"/Users/mantej.singh/Desktop/namaste-react/chapter-4/Components/Shimmer.jsx","statementMap":{"0":{"start":{"line":4,"column":4},"end":{"line":15,"column":6}}},"fnMap":{"0":{"name":"Shimmer","decl":{"start":{"line":3,"column":9},"end":{"line":3,"column":16}},"loc":{"start":{"line":3,"column":24},"end":{"line":16,"column":1}},"line":3}},"branchMap":{},"s":{"0":1},"f":{"0":1},"b":{},"_coverageSchema":"1a1c01bbd47fc00a2c39e90264f33305004495a9","hash":"13cfe8da1cc1d88add66c578402a22675f8a9724"}
,"/Users/mantej.singh/Desktop/namaste-react/chapter-4/Components/sum.js": {"path":"/Users/mantej.singh/Desktop/namaste-react/chapter-4/Components/sum.js","statementMap":{"0":{"start":{"line":1,"column":18},"end":{"line":3,"column":1}},"1":{"start":{"line":2,"column":4},"end":{"line":2,"column":14}}},"fnMap":{"0":{"name":"(anonymous_0)","decl":{"start":{"line":1,"column":18},"end":{"line":1,"column":19}},"loc":{"start":{"line":1,"column":25},"end":{"line":3,"column":1}},"line":1}},"branchMap":{},"s":{"0":1,"1":1},"f":{"0":1},"b":{},"_coverageSchema":"1a1c01bbd47fc00a2c39e90264f33305004495a9","hash":"7527e850be0f7c9abfa39d3f175fedd579d76c04"}
,"/Users/mantej.singh/Desktop/namaste-react/chapter-4/Redux/cartSlice.jsx": {"path":"/Users/mantej.singh/Desktop/namaste-react/chapter-4/Redux/cartSlice.jsx","statementMap":{"0":{"start":{"line":3,"column":18},"end":{"line":27,"column":2}},"1":{"start":{"line":11,"column":16},"end":{"line":11,"column":43}},"2":{"start":{"line":12,"column":12},"end":{"line":12,"column":39}},"3":{"start":{"line":13,"column":12},"end":{"line":13,"column":44}},"4":{"start":{"line":18,"column":12},"end":{"line":18,"column":54}},"5":{"start":{"line":19,"column":12},"end":{"line":19,"column":106}},"6":{"start":{"line":19,"column":59},"end":{"line":19,"column":103}},"7":{"start":{"line":24,"column":12},"end":{"line":24,"column":35}},"8":{"start":{"line":29,"column":47},"end":{"line":29,"column":64}}},"fnMap":{"0":{"name":"(anonymous_0)","decl":{"start":{"line":10,"column":20},"end":{"line":10,"column":21}},"loc":{"start":{"line":10,"column":36},"end":{"line":14,"column":9}},"line":10},"1":{"name":"(anonymous_1)","decl":{"start":{"line":17,"column":19},"end":{"line":17,"column":20}},"loc":{"start":{"line":17,"column":35},"end":{"line":22,"column":9}},"line":17},"2":{"name":"(anonymous_2)","decl":{"start":{"line":19,"column":46},"end":{"line":19,"column":47}},"loc":{"start":{"line":19,"column":57},"end":{"line":19,"column":104}},"line":19},"3":{"name":"(anonymous_3)","decl":{"start":{"line":23,"column":19},"end":{"line":23,"column":20}},"loc":{"start":{"line":23,"column":28},"end":{"line":25,"column":9}},"line":23}},"branchMap":{},"s":{"0":3,"1":0,"2":0,"3":0,"4":0,"5":0,"6":0,"7":0,"8":3},"f":{"0":0,"1":0,"2":0,"3":0},"b":{},"_coverageSchema":"1a1c01bbd47fc00a2c39e90264f33305004495a9","hash":"abfe0089575338b6a8b63311de0dcc39a2c03a59"}
,"/Users/mantej.singh/Desktop/namaste-react/chapter-4/Redux/reducStore.jsx": {"path":"/Users/mantej.singh/Desktop/namaste-react/chapter-4/Redux/reducStore.jsx","statementMap":{"0":{"start":{"line":5,"column":14},"end":{"line":12,"column":2}},"1":{"start":{"line":11,"column":40},"end":{"line":11,"column":91}}},"fnMap":{"0":{"name":"(anonymous_0)","decl":{"start":{"line":11,"column":15},"end":{"line":11,"column":16}},"loc":{"start":{"line":11,"column":40},"end":{"line":11,"column":91}},"line":11}},"branchMap":{},"s":{"0":3,"1":3},"f":{"0":3},"b":{},"_coverageSchema":"1a1c01bbd47fc00a2c39e90264f33305004495a9","hash":"11b83e928ec7e52ba1378a329e7005df7fe770c4"}
,"/Users/mantej.singh/Desktop/namaste-react/chapter-4/Redux/zomatoSlice.jsx": {"path":"/Users/mantej.singh/Desktop/namaste-react/chapter-4/Redux/zomatoSlice.jsx","statementMap":{"0":{"start":{"line":3,"column":22},"end":{"line":10,"column":3}},"1":{"start":{"line":8,"column":18},"end":{"line":8,"column":39}},"2":{"start":{"line":9,"column":4},"end":{"line":9,"column":31}},"3":{"start":{"line":12,"column":25},"end":{"line":22,"column":2}},"4":{"start":{"line":15,"column":26},"end":{"line":21,"column":5}},"5":{"start":{"line":17,"column":22},"end":{"line":17,"column":31}},"6":{"start":{"line":24,"column":27},"end":{"line":29,"column":2}},"7":{"start":{"line":25,"column":17},"end":{"line":25,"column":60}},"8":{"start":{"line":26,"column":16},"end":{"line":26,"column":33}},"9":{"start":{"line":28,"column":0},"end":{"line":28,"column":16}},"10":{"start":{"line":33,"column":20},"end":{"line":49,"column":2}},"11":{"start":{"line":40,"column":8},"end":{"line":47,"column":10}},"12":{"start":{"line":41,"column":12},"end":{"line":41,"column":40}},"13":{"start":{"line":44,"column":12},"end":{"line":44,"column":42}},"14":{"start":{"line":46,"column":12},"end":{"line":46,"column":41}},"15":{"start":{"line":52,"column":18},"end":{"line":52,"column":37}},"16":{"start":{"line":53,"column":42},"end":{"line":53,"column":51}}},"fnMap":{"0":{"name":"(anonymous_0)","decl":{"start":{"line":3,"column":22},"end":{"line":3,"column":23}},"loc":{"start":{"line":3,"column":46},"end":{"line":10,"column":3}},"line":3},"1":{"name":"(anonymous_1)","decl":{"start":{"line":15,"column":14},"end":{"line":15,"column":15}},"loc":{"start":{"line":15,"column":26},"end":{"line":21,"column":5}},"line":15},"2":{"name":"(anonymous_2)","decl":{"start":{"line":17,"column":18},"end":{"line":17,"column":19}},"loc":{"start":{"line":17,"column":22},"end":{"line":17,"column":31}},"line":17},"3":{"name":"(anonymous_3)","decl":{"start":{"line":24,"column":65},"end":{"line":24,"column":66}},"loc":{"start":{"line":24,"column":75},"end":{"line":29,"column":1}},"line":24},"4":{"name":"(anonymous_4)","decl":{"start":{"line":39,"column":18},"end":{"line":39,"column":19}},"loc":{"start":{"line":39,"column":29},"end":{"line":48,"column":5}},"line":39},"5":{"name":"(anonymous_5)","decl":{"start":{"line":40,"column":44},"end":{"line":40,"column":45}},"loc":{"start":{"line":40,"column":60},"end":{"line":43,"column":9}},"line":40},"6":{"name":"(anonymous_6)","decl":{"start":{"line":43,"column":41},"end":{"line":43,"column":42}},"loc":{"start":{"line":43,"column":57},"end":{"line":45,"column":9}},"line":43},"7":{"name":"(anonymous_7)","decl":{"start":{"line":45,"column":40},"end":{"line":45,"column":41}},"loc":{"start":{"line":45,"column":56},"end":{"line":47,"column":9}},"line":45}},"branchMap":{},"s":{"0":3,"1":0,"2":0,"3":3,"4":3,"5":0,"6":3,"7":0,"8":0,"9":0,"10":3,"11":3,"12":0,"13":0,"14":0,"15":3,"16":3},"f":{"0":0,"1":3,"2":0,"3":0,"4":3,"5":0,"6":0,"7":0},"b":{},"_coverageSchema":"1a1c01bbd47fc00a2c39e90264f33305004495a9","hash":"2b9fd330b8b48ee6b897a4b7cb2b24d70d7dc037"}
,"/Users/mantej.singh/Desktop/namaste-react/chapter-4/utils/constant.js": {"path":"/Users/mantej.singh/Desktop/namaste-react/chapter-4/utils/constant.js","statementMap":{"0":{"start":{"line":1,"column":24},"end":{"line":1,"column":88}},"1":{"start":{"line":2,"column":24},"end":{"line":2,"column":125}},"2":{"start":{"line":3,"column":26},"end":{"line":3,"column":78}}},"fnMap":{},"branchMap":{},"s":{"0":1,"1":1,"2":1},"f":{},"b":{},"_coverageSchema":"1a1c01bbd47fc00a2c39e90264f33305004495a9","hash":"27453bebe0ebe86003a65d03470bcaa444e241e5"}
,"/Users/mantej.singh/Desktop/namaste-react/chapter-4/utils/fakeData.js": {"path":"/Users/mantej.singh/Desktop/namaste-react/chapter-4/utils/fakeData.js","statementMap":{"0":{"start":{"line":1,"column":14},"end":{"line":1777,"column":1}},"1":{"start":{"line":1779,"column":0},"end":{"line":1779,"column":22}}},"fnMap":{},"branchMap":{},"s":{"0":2,"1":2},"f":{},"b":{},"_coverageSchema":"1a1c01bbd47fc00a2c39e90264f33305004495a9","hash":"644e6dc0e06712d883c9424378411a0a81c0b34f"}
,"/Users/mantej.singh/Desktop/namaste-react/chapter-4/utils/useRestoData.jsx": {"path":"/Users/mantej.singh/Desktop/namaste-react/chapter-4/utils/useRestoData.jsx","statementMap":{"0":{"start":{"line":5,"column":26},"end":{"line":5,"column":38}},"1":{"start":{"line":7,"column":2},"end":{"line":9,"column":9}},"2":{"start":{"line":8,"column":4},"end":{"line":8,"column":19}},"3":{"start":{"line":11,"column":23},"end":{"line":16,"column":3}},"4":{"start":{"line":12,"column":17},"end":{"line":12,"column":60}},"5":{"start":{"line":13,"column":16},"end":{"line":13,"column":33}},"6":{"start":{"line":15,"column":4},"end":{"line":15,"column":17}},"7":{"start":{"line":17,"column":2},"end":{"line":17,"column":25}}},"fnMap":{"0":{"name":"useRestoData","decl":{"start":{"line":3,"column":9},"end":{"line":3,"column":21}},"loc":{"start":{"line":3,"column":24},"end":{"line":18,"column":1}},"line":3},"1":{"name":"(anonymous_1)","decl":{"start":{"line":7,"column":12},"end":{"line":7,"column":13}},"loc":{"start":{"line":7,"column":18},"end":{"line":9,"column":3}},"line":7},"2":{"name":"(anonymous_2)","decl":{"start":{"line":11,"column":23},"end":{"line":11,"column":24}},"loc":{"start":{"line":11,"column":35},"end":{"line":16,"column":3}},"line":11}},"branchMap":{},"s":{"0":2,"1":2,"2":1,"3":2,"4":1,"5":1,"6":1,"7":2},"f":{"0":2,"1":1,"2":1},"b":{},"_coverageSchema":"1a1c01bbd47fc00a2c39e90264f33305004495a9","hash":"678c386ccee23e9106334f9f22eb02c134759a05"}
,"/Users/mantej.singh/Desktop/namaste-react/chapter-4/utils/userContext.jsx": {"path":"/Users/mantej.singh/Desktop/namaste-react/chapter-4/utils/userContext.jsx","statementMap":{"0":{"start":{"line":3,"column":20},"end":{"line":5,"column":2}}},"fnMap":{},"branchMap":{},"s":{"0":2},"f":{},"b":{},"_coverageSchema":"1a1c01bbd47fc00a2c39e90264f33305004495a9","hash":"c1c1b403a0dfb4a2f2fb7533b69b0fbb28a76cec"}
,"/Users/mantej.singh/Desktop/namaste-react/chapter-4/utils/withPromotedLabel.jsx": {"path":"/Users/mantej.singh/Desktop/namaste-react/chapter-4/utils/withPromotedLabel.jsx","statementMap":{"0":{"start":{"line":4,"column":26},"end":{"line":12,"column":1}},"1":{"start":{"line":5,"column":2},"end":{"line":11,"column":4}},"2":{"start":{"line":6,"column":3},"end":{"line":10,"column":11}}},"fnMap":{"0":{"name":"(anonymous_0)","decl":{"start":{"line":4,"column":26},"end":{"line":4,"column":27}},"loc":{"start":{"line":4,"column":43},"end":{"line":12,"column":1}},"line":4},"1":{"name":"(anonymous_1)","decl":{"start":{"line":5,"column":9},"end":{"line":5,"column":10}},"loc":{"start":{"line":5,"column":20},"end":{"line":11,"column":3}},"line":5}},"branchMap":{},"s":{"0":1,"1":2,"2":3},"f":{"0":2,"1":3},"b":{},"_coverageSchema":"1a1c01bbd47fc00a2c39e90264f33305004495a9","hash":"d08e7910dcd960bb37c3025349196368797353b9"}
}
